<?xml version="1.0" encoding="UTF-8"?>
<!-- Generated by org.testng.reporters.JUnitReportReporter -->
<testsuite hostname="DESKTOP-HCMDDC7" failures="0" tests="1" name="Test.RDCD_DPS_FDR_PRODUCT.FDR_Product" time="68.880" errors="0" timestamp="2024-10-26T14:56:38 BDT" skipped="0">
  <testcase classname="Test.RDCD_DPS_FDR_PRODUCT.FDR_Product" name="ProductSetup" time="68.880"/>
  <system-out/>
</testsuite> <!-- Test.RDCD_DPS_FDR_PRODUCT.FDR_Product -->
