<?xml version="1.0" encoding="UTF-8"?>
<!-- Generated by org.testng.reporters.JUnitReportReporter -->
<testsuite hostname="DESKTOP-Q15J7MR" failures="0" tests="1" name="Test.RDCD_DPS_FDR_PRODUCT.FDR_Product" time="52.343" errors="0" timestamp="2024-11-19T16:45:07 BDT" skipped="0">
  <testcase classname="Test.RDCD_DPS_FDR_PRODUCT.FDR_Product" name="ProductSetup" time="52.343"/>
  <system-out/>
</testsuite> <!-- Test.RDCD_DPS_FDR_PRODUCT.FDR_Product -->
