<?xml version="1.0" encoding="UTF-8"?>
<!-- Generated by org.testng.reporters.JUnitReportReporter -->
<testsuite hostname="DESKTOP-Q15J7MR" failures="0" tests="1" name="Test.RDCD_DPS_FDR_PRODUCT.Logintest" time="23.900" errors="0" timestamp="2024-09-17T12:27:53 BDT" skipped="0">
  <testcase classname="Test.RDCD_DPS_FDR_PRODUCT.Logintest" name="loggedIn" time="23.900"/>
  <system-out/>
</testsuite> <!-- Test.RDCD_DPS_FDR_PRODUCT.Logintest -->
